<?xml version="1.0" encoding="UTF-8"?>
<testsuite xmlns:xsi="http://www.w3.org/2001/XMLSchema-instance" xsi:noNamespaceSchemaLocation="https://maven.apache.org/surefire/maven-surefire-plugin/xsd/surefire-test-report.xsd" name="Runner.WebOrderRegressionRunner" time="19.491" tests="10" errors="0" skipped="0" failures="0">
  <properties>
[...]
</properties>
  <testcase name="Login Page Positive Test" classname="WebOrder Login page Test" time="7.081"/>
  <testcase name="Login Page Negative Test" classname="WebOrder Login page Test" time="0.419"/>
  <testcase name="Login Page Negative Test 1" classname="WebOrder Login page Test" time="0.404"/>
  <testcase name="Login Page Negative Test 2" classname="WebOrder Login page Test" time="0.391"/>
  <testcase name="Validate new order in WebOrder page" classname="New order validation" time="1.862"/>
  <testcase name="Validation of new order headers" classname="Validation of headers" time="0.933"/>
  <testcase name="New Order validation" classname="Validation of New Order using Scenario Outline" time="2.243"/>
  <testcase name="New Order validation" classname="Validation of New Order using Scenario Outline" time="2.18"/>
  <testcase name="New Order validation" classname="Validation of New Order using Scenario Outline" time="2.204"/>
  <testcase name="Validation of all products" classname="All products" time="1.182"/>
</testsuite>